2025-07-27T15:22:59.841483357Z	Cloning repository...
2025-07-27T15:23:00.517273877Z	From https://github.com/carlosedufaraujo/Plataforma-gesta-futuros-black
2025-07-27T15:23:00.517467129Z	 * branch            452ba502ad05a5181631ec8ea8f3313c8d252b74 -> FETCH_HEAD
2025-07-27T15:23:00.517593627Z	
2025-07-27T15:23:00.556268227Z	HEAD is now at 452ba50 feat: Configuração para deploy no Cloudflare Pages
2025-07-27T15:23:00.556600323Z	
2025-07-27T15:23:00.636344155Z	
2025-07-27T15:23:00.636696596Z	Using v2 root directory strategy
2025-07-27T15:23:00.657724551Z	Success: Finished cloning repository files
2025-07-27T15:23:02.319050579Z	Checking for configuration in a Wrangler configuration file (BETA)
2025-07-27T15:23:02.319609515Z	
2025-07-27T15:23:03.428960494Z	No wrangler.toml file found. Continuing.
2025-07-27T15:23:03.489394718Z	Detected the following tools from environment: 
2025-07-27T15:23:03.489783401Z	Executing user command: npx next build
2025-07-27T15:23:05.386968167Z	npm warn exec The following package was not found and will be installed: next@15.4.4
2025-07-27T15:23:13.817166285Z	⚠ No build cache found. Please configure build caching for faster rebuilds. Read more: https://nextjs.org/docs/messages/no-cache
2025-07-27T15:23:13.821349151Z	Attention: Next.js now collects completely anonymous telemetry regarding usage.
2025-07-27T15:23:13.82137024Z	This information is used to shape Next.js' roadmap and prioritize features.
2025-07-27T15:23:13.821465035Z	You can learn more, including how to opt-out if you'd not like to participate in this anonymous program, by visiting the following URL:
2025-07-27T15:23:13.821892292Z	https://nextjs.org/telemetry
2025-07-27T15:23:13.821909133Z	
2025-07-27T15:23:13.855340782Z	
2025-07-27T15:23:13.855835519Z	> Build error occurred
2025-07-27T15:23:13.858418518Z	[Error: > Couldn't find any `pages` or `app` directory. Please create one under the project root]
2025-07-27T15:23:13.89755663Z	Failed: Error while executing user command. Exited with error code: 1
2025-07-27T15:23:13.908598219Z	Failed: build command exited with code: 1
2025-07-27T15:23:17.112249Z	Failed: error occurred while running build command