2025-07-27T16:31:32.636484Z	Cloning repository...
2025-07-27T16:31:33.305202Z	From https://github.com/carlosedufaraujo/plataforma-futuros
2025-07-27T16:31:33.305762Z	 * branch            d32ed45371f53cf1c337c569eeec6dabe15e9cdd -> FETCH_HEAD
2025-07-27T16:31:33.305866Z	
2025-07-27T16:31:33.350301Z	HEAD is now at d32ed45 fix: Desabilitar ESLint e TypeScript no build para Cloudflare
2025-07-27T16:31:33.350834Z	
2025-07-27T16:31:33.444793Z	
2025-07-27T16:31:33.445752Z	Using v2 root directory strategy
2025-07-27T16:31:33.472744Z	Success: Finished cloning repository files
2025-07-27T16:31:38.184629Z	Checking for configuration in a Wrangler configuration file (BETA)
2025-07-27T16:31:38.185211Z	
2025-07-27T16:31:38.186839Z	Found wrangler.toml file. Reading build configuration...
2025-07-27T16:31:39.301358Z	A wrangler.toml file was found but it does not appear to be valid. Did you mean to use wrangler.toml to configure Pages? If so, then make sure the file is valid and contains the `pages_build_output_dir` property. Skipping file and continuing.
2025-07-27T16:31:39.377116Z	Detected the following tools from environment: npm@10.9.2, nodejs@22.16.0
2025-07-27T16:31:39.377799Z	Installing project dependencies: npm clean-install --progress=false
2025-07-27T16:31:54.810699Z	
2025-07-27T16:31:54.811097Z	added 409 packages, and audited 410 packages in 15s
2025-07-27T16:31:54.811282Z	
2025-07-27T16:31:54.811516Z	145 packages are looking for funding
2025-07-27T16:31:54.811603Z	  run `npm fund` for details
2025-07-27T16:31:54.812327Z	
2025-07-27T16:31:54.812604Z	found 0 vulnerabilities
2025-07-27T16:31:54.857194Z	Executing user command: npm run build
2025-07-27T16:31:55.312438Z	
2025-07-27T16:31:55.312721Z	> frontend@0.1.0 build
2025-07-27T16:31:55.312871Z	> next build
2025-07-27T16:31:55.312954Z	
2025-07-27T16:31:56.090347Z	⚠ No build cache found. Please configure build caching for faster rebuilds. Read more: https://nextjs.org/docs/messages/no-cache
2025-07-27T16:31:56.094809Z	Attention: Next.js now collects completely anonymous telemetry regarding usage.
2025-07-27T16:31:56.095096Z	This information is used to shape Next.js' roadmap and prioritize features.
2025-07-27T16:31:56.095331Z	You can learn more, including how to opt-out if you'd not like to participate in this anonymous program, by visiting the following URL:
2025-07-27T16:31:56.095449Z	https://nextjs.org/telemetry
2025-07-27T16:31:56.095543Z	
2025-07-27T16:31:56.164365Z	   ▲ Next.js 15.4.2
2025-07-27T16:31:56.164698Z	   - Environments: .env.production
2025-07-27T16:31:56.164852Z	
2025-07-27T16:31:56.229037Z	   Creating an optimized production build ...
2025-07-27T16:32:10.290056Z	 ✓ Compiled successfully in 10.0s
2025-07-27T16:32:10.296247Z	   Skipping validation of types
2025-07-27T16:32:10.296777Z	   Skipping linting
2025-07-27T16:32:10.647689Z	   Collecting page data ...
2025-07-27T16:32:12.822876Z	   Generating static pages (0/5) ...
2025-07-27T16:32:13.591206Z	✅ Cliente Supabase criado com sucesso
2025-07-27T16:32:13.591745Z	   Generating static pages (1/5) 
2025-07-27T16:32:13.591987Z	   Generating static pages (2/5) 
2025-07-27T16:32:13.592124Z	   Generating static pages (3/5) 
2025-07-27T16:32:13.59237Z	 ✓ Generating static pages (5/5)
2025-07-27T16:32:14.205695Z	   Finalizing page optimization ...
2025-07-27T16:32:14.206054Z	   Collecting build traces ...
2025-07-27T16:32:21.541842Z	   Exporting (0/3) ...
2025-07-27T16:32:22.050737Z	✅ Cliente Supabase criado com sucesso
2025-07-27T16:32:22.079351Z	 ✓ Exporting (3/3)
2025-07-27T16:32:22.093534Z	
2025-07-27T16:32:22.096324Z	Route (app)                                 Size  First Load JS
2025-07-27T16:32:22.096566Z	┌ ○ /                                     114 kB         262 kB
2025-07-27T16:32:22.096709Z	└ ○ /_not-found                            990 B         101 kB
2025-07-27T16:32:22.096835Z	+ First Load JS shared by all            99.7 kB
2025-07-27T16:32:22.096953Z	  ├ chunks/4bd1b696-cf72ae8a39fa05aa.js  54.1 kB
2025-07-27T16:32:22.097096Z	  ├ chunks/964-1d8e3d2561872b55.js       43.6 kB
2025-07-27T16:32:22.097201Z	  └ other shared chunks (total)          1.91 kB
2025-07-27T16:32:22.097335Z	
2025-07-27T16:32:22.097444Z	
2025-07-27T16:32:22.097572Z	○  (Static)  prerendered as static content
2025-07-27T16:32:22.097686Z	
2025-07-27T16:32:22.163701Z	Finished
2025-07-27T16:32:23.190142Z	Checking for configuration in a Wrangler configuration file (BETA)
2025-07-27T16:32:23.190815Z	
2025-07-27T16:32:23.191464Z	Found wrangler.toml file. Reading build configuration...
2025-07-27T16:32:24.312989Z	A wrangler.toml file was found but it does not appear to be valid. Did you mean to use wrangler.toml to configure Pages? If so, then make sure the file is valid and contains the `pages_build_output_dir` property. Skipping file and continuing.
2025-07-27T16:32:24.314085Z	Note: No functions dir at /functions found. Skipping.
2025-07-27T16:32:24.314258Z	Validating asset output directory
2025-07-27T16:32:27.20056Z	Deploying your site to Cloudflare's global network...
2025-07-27T16:32:32.377832Z	Uploading... (0/37)
2025-07-27T16:32:33.431689Z	Uploading... (12/37)
2025-07-27T16:32:33.512825Z	Uploading... (24/37)
2025-07-27T16:32:33.725406Z	Uploading... (37/37)
2025-07-27T16:32:33.725793Z	✨ Success! Uploaded 37 files (2.27 sec)
2025-07-27T16:32:33.725993Z	
2025-07-27T16:32:34.22229Z	✨ Upload complete!
2025-07-27T16:32:37.423589Z	Success: Assets published!
2025-07-27T16:32:39.831495Z	Success: Your site was deployed!