
> frontend@0.1.0 dev
> next dev

🔧 Next.js Config - Variáveis de Ambiente:
NEXT_PUBLIC_SUPABASE_URL: https://kdfevkbwohcajcwrqzor.supabase.co
NEXT_PUBLIC_SUPABASE_ANON_KEY: SET
🔧 Next.js Config - Variáveis de Ambiente:
NEXT_PUBLIC_SUPABASE_URL: https://kdfevkbwohcajcwrqzor.supabase.co
NEXT_PUBLIC_SUPABASE_ANON_KEY: SET
   ▲ Next.js 15.4.2
   - Local:        http://localhost:3000
   - Network:      http://192.168.1.251:3000
   - Environments: .env.local

 ✓ Starting...
 ✓ Ready in 1345ms
 ○ Compiling / ...
 ✓ Compiled / in 1546ms (832 modules)
 GET / 200 in 1841ms
 GET / 200 in 45ms
 GET / 200 in 64ms
 GET / 200 in 25ms
 GET / 200 in 38ms
